Analysis & Synthesis report for 32Bit_MIPS
Mon May 27 19:09:30 2019
Quartus Prime Version 17.1.0 Build 590 10/25/2017 SJ Lite Edition


---------------------
; Table of Contents ;
---------------------
  1. Legal Notice
  2. Analysis & Synthesis Summary
  3. Analysis & Synthesis Settings
  4. Parallel Compilation
  5. Analysis & Synthesis Source Files Read
  6. Analysis & Synthesis Resource Usage Summary
  7. Analysis & Synthesis Resource Utilization by Entity
  8. General Register Statistics
  9. Multiplexer Restructuring Statistics (Restructuring Performed)
 10. Parameter Settings for User Entity Instance: srg_32mux2to1:mux0
 11. Parameter Settings for User Entity Instance: srg_32mux2to1:mux1
 12. Parameter Settings for User Entity Instance: srg_32mux2to1:mux2
 13. Parameter Settings for User Entity Instance: srg_32mux2to1:mux3
 14. Post-Synthesis Netlist Statistics for Top Partition
 15. Elapsed Time Per Partition
 16. Analysis & Synthesis Messages



----------------
; Legal Notice ;
----------------
Copyright (C) 2017  Intel Corporation. All rights reserved.
Your use of Intel Corporation's design tools, logic functions 
and other software and tools, and its AMPP partner logic 
functions, and any output files from any of the foregoing 
(including device programming or simulation files), and any 
associated documentation or information are expressly subject 
to the terms and conditions of the Intel Program License 
Subscription Agreement, the Intel Quartus Prime License Agreement,
the Intel FPGA IP License Agreement, or other applicable license
agreement, including, without limitation, that your use is for
the sole purpose of programming logic devices manufactured by
Intel and sold by Intel or its authorized distributors.  Please
refer to the applicable agreement for further details.



+----------------------------------------------------------------------------------+
; Analysis & Synthesis Summary                                                     ;
+------------------------------------+---------------------------------------------+
; Analysis & Synthesis Status        ; Successful - Mon May 27 19:09:30 2019       ;
; Quartus Prime Version              ; 17.1.0 Build 590 10/25/2017 SJ Lite Edition ;
; Revision Name                      ; 32Bit_MIPS                                  ;
; Top-level Entity Name              ; srg_32Bit_ALU                               ;
; Family                             ; Cyclone IV E                                ;
; Total logic elements               ; 128                                         ;
;     Total combinational functions  ; 128                                         ;
;     Dedicated logic registers      ; 0                                           ;
; Total registers                    ; 0                                           ;
; Total pins                         ; 100                                         ;
; Total virtual pins                 ; 0                                           ;
; Total memory bits                  ; 0                                           ;
; Embedded Multiplier 9-bit elements ; 0                                           ;
; Total PLLs                         ; 0                                           ;
+------------------------------------+---------------------------------------------+


+----------------------------------------------------------------------------------------------------------------------+
; Analysis & Synthesis Settings                                                                                        ;
+----------------------------------------------------------------------------+--------------------+--------------------+
; Option                                                                     ; Setting            ; Default Value      ;
+----------------------------------------------------------------------------+--------------------+--------------------+
; Top-level entity name                                                      ; srg_32Bit_ALU      ; 32Bit_MIPS         ;
; Family name                                                                ; Cyclone IV E       ; Cyclone V          ;
; Use smart compilation                                                      ; Off                ; Off                ;
; Enable parallel Assembler and TimeQuest Timing Analyzer during compilation ; On                 ; On                 ;
; Enable compact report table                                                ; Off                ; Off                ;
; Restructure Multiplexers                                                   ; Auto               ; Auto               ;
; Create Debugging Nodes for IP Cores                                        ; Off                ; Off                ;
; Preserve fewer node names                                                  ; On                 ; On                 ;
; Intel FPGA IP Evaluation Mode                                              ; Enable             ; Enable             ;
; Verilog Version                                                            ; Verilog_2001       ; Verilog_2001       ;
; VHDL Version                                                               ; VHDL_1993          ; VHDL_1993          ;
; State Machine Processing                                                   ; Auto               ; Auto               ;
; Safe State Machine                                                         ; Off                ; Off                ;
; Extract Verilog State Machines                                             ; On                 ; On                 ;
; Extract VHDL State Machines                                                ; On                 ; On                 ;
; Ignore Verilog initial constructs                                          ; Off                ; Off                ;
; Iteration limit for constant Verilog loops                                 ; 5000               ; 5000               ;
; Iteration limit for non-constant Verilog loops                             ; 250                ; 250                ;
; Add Pass-Through Logic to Inferred RAMs                                    ; On                 ; On                 ;
; Infer RAMs from Raw Logic                                                  ; On                 ; On                 ;
; Parallel Synthesis                                                         ; On                 ; On                 ;
; DSP Block Balancing                                                        ; Auto               ; Auto               ;
; NOT Gate Push-Back                                                         ; On                 ; On                 ;
; Power-Up Don't Care                                                        ; On                 ; On                 ;
; Remove Redundant Logic Cells                                               ; Off                ; Off                ;
; Remove Duplicate Registers                                                 ; On                 ; On                 ;
; Ignore CARRY Buffers                                                       ; Off                ; Off                ;
; Ignore CASCADE Buffers                                                     ; Off                ; Off                ;
; Ignore GLOBAL Buffers                                                      ; Off                ; Off                ;
; Ignore ROW GLOBAL Buffers                                                  ; Off                ; Off                ;
; Ignore LCELL Buffers                                                       ; Off                ; Off                ;
; Ignore SOFT Buffers                                                        ; On                 ; On                 ;
; Limit AHDL Integers to 32 Bits                                             ; Off                ; Off                ;
; Optimization Technique                                                     ; Balanced           ; Balanced           ;
; Carry Chain Length                                                         ; 70                 ; 70                 ;
; Auto Carry Chains                                                          ; On                 ; On                 ;
; Auto Open-Drain Pins                                                       ; On                 ; On                 ;
; Perform WYSIWYG Primitive Resynthesis                                      ; Off                ; Off                ;
; Auto ROM Replacement                                                       ; On                 ; On                 ;
; Auto RAM Replacement                                                       ; On                 ; On                 ;
; Auto DSP Block Replacement                                                 ; On                 ; On                 ;
; Auto Shift Register Replacement                                            ; Auto               ; Auto               ;
; Allow Shift Register Merging across Hierarchies                            ; Auto               ; Auto               ;
; Auto Clock Enable Replacement                                              ; On                 ; On                 ;
; Strict RAM Replacement                                                     ; Off                ; Off                ;
; Allow Synchronous Control Signals                                          ; On                 ; On                 ;
; Force Use of Synchronous Clear Signals                                     ; Off                ; Off                ;
; Auto RAM Block Balancing                                                   ; On                 ; On                 ;
; Auto RAM to Logic Cell Conversion                                          ; Off                ; Off                ;
; Auto Resource Sharing                                                      ; Off                ; Off                ;
; Allow Any RAM Size For Recognition                                         ; Off                ; Off                ;
; Allow Any ROM Size For Recognition                                         ; Off                ; Off                ;
; Allow Any Shift Register Size For Recognition                              ; Off                ; Off                ;
; Use LogicLock Constraints during Resource Balancing                        ; On                 ; On                 ;
; Ignore translate_off and synthesis_off directives                          ; Off                ; Off                ;
; Timing-Driven Synthesis                                                    ; On                 ; On                 ;
; Report Parameter Settings                                                  ; On                 ; On                 ;
; Report Source Assignments                                                  ; On                 ; On                 ;
; Report Connectivity Checks                                                 ; On                 ; On                 ;
; Ignore Maximum Fan-Out Assignments                                         ; Off                ; Off                ;
; Synchronization Register Chain Length                                      ; 2                  ; 2                  ;
; Power Optimization During Synthesis                                        ; Normal compilation ; Normal compilation ;
; HDL message level                                                          ; Level2             ; Level2             ;
; Suppress Register Optimization Related Messages                            ; Off                ; Off                ;
; Number of Removed Registers Reported in Synthesis Report                   ; 5000               ; 5000               ;
; Number of Swept Nodes Reported in Synthesis Report                         ; 5000               ; 5000               ;
; Number of Inverted Registers Reported in Synthesis Report                  ; 100                ; 100                ;
; Clock MUX Protection                                                       ; On                 ; On                 ;
; Auto Gated Clock Conversion                                                ; Off                ; Off                ;
; Block Design Naming                                                        ; Auto               ; Auto               ;
; SDC constraint protection                                                  ; Off                ; Off                ;
; Synthesis Effort                                                           ; Auto               ; Auto               ;
; Shift Register Replacement - Allow Asynchronous Clear Signal               ; On                 ; On                 ;
; Pre-Mapping Resynthesis Optimization                                       ; Off                ; Off                ;
; Analysis & Synthesis Message Level                                         ; Medium             ; Medium             ;
; Disable Register Merging Across Hierarchies                                ; Auto               ; Auto               ;
; Resource Aware Inference For Block RAM                                     ; On                 ; On                 ;
+----------------------------------------------------------------------------+--------------------+--------------------+


+------------------------------------------+
; Parallel Compilation                     ;
+----------------------------+-------------+
; Processors                 ; Number      ;
+----------------------------+-------------+
; Number detected on machine ; 4           ;
; Maximum allowed            ; 2           ;
;                            ;             ;
; Average used               ; 1.00        ;
; Maximum used               ; 1           ;
;                            ;             ;
; Usage by Processor         ; % Time Used ;
;     Processor 1            ; 100.0%      ;
+----------------------------+-------------+


+------------------------------------------------------------------------------------------------------------------------------------------------------------------------+
; Analysis & Synthesis Source Files Read                                                                                                                                 ;
+----------------------------------+-----------------+------------------------+--------------------------------------------------------------------------------+---------+
; File Name with User-Entered Path ; Used in Netlist ; File Type              ; File Name with Absolute Path                                                   ; Library ;
+----------------------------------+-----------------+------------------------+--------------------------------------------------------------------------------+---------+
; dxp_mux2to1_v.v                  ; yes             ; User Verilog HDL File  ; C:/Users/srgoo/Desktop/PersonalProjects/32_Bit_MIPS/32Bit_MIPS/dxp_mux2to1_v.v ;         ;
; srg_32Bit_CLA.v                  ; yes             ; User Verilog HDL File  ; C:/Users/srgoo/Desktop/PersonalProjects/32_Bit_MIPS/32Bit_MIPS/srg_32Bit_CLA.v ;         ;
; srg_32mux2to1.v                  ; yes             ; User Verilog HDL File  ; C:/Users/srgoo/Desktop/PersonalProjects/32_Bit_MIPS/32Bit_MIPS/srg_32mux2to1.v ;         ;
; srg_32Bit_ALU.v                  ; yes             ; User Verilog HDL File  ; C:/Users/srgoo/Desktop/PersonalProjects/32_Bit_MIPS/32Bit_MIPS/srg_32Bit_ALU.v ;         ;
+----------------------------------+-----------------+------------------------+--------------------------------------------------------------------------------+---------+


+------------------------------------------------------------------------+
; Analysis & Synthesis Resource Usage Summary                            ;
+---------------------------------------------+--------------------------+
; Resource                                    ; Usage                    ;
+---------------------------------------------+--------------------------+
; Estimated Total logic elements              ; 128                      ;
;                                             ;                          ;
; Total combinational functions               ; 128                      ;
; Logic element usage by number of LUT inputs ;                          ;
;     -- 4 input functions                    ; 79                       ;
;     -- 3 input functions                    ; 49                       ;
;     -- <=2 input functions                  ; 0                        ;
;                                             ;                          ;
; Logic elements by mode                      ;                          ;
;     -- normal mode                          ; 128                      ;
;     -- arithmetic mode                      ; 0                        ;
;                                             ;                          ;
; Total registers                             ; 0                        ;
;     -- Dedicated logic registers            ; 0                        ;
;     -- I/O registers                        ; 0                        ;
;                                             ;                          ;
; I/O pins                                    ; 100                      ;
;                                             ;                          ;
; Embedded Multiplier 9-bit elements          ; 0                        ;
;                                             ;                          ;
; Maximum fan-out node                        ; OperationSelect[1]~input ;
; Maximum fan-out                             ; 64                       ;
; Total fan-out                               ; 595                      ;
; Average fan-out                             ; 1.81                     ;
+---------------------------------------------+--------------------------+


+-----------------------------------------------------------------------------------------------------------------------------------------------------------------------------------------------------------------------------------------------------------------------------+
; Analysis & Synthesis Resource Utilization by Entity                                                                                                                                                                                                                         ;
+--------------------------------------------+---------------------+---------------------------+-------------+--------------+---------+-----------+------+--------------+----------------------------------------------------------------------+---------------+--------------+
; Compilation Hierarchy Node                 ; Combinational ALUTs ; Dedicated Logic Registers ; Memory Bits ; DSP Elements ; DSP 9x9 ; DSP 18x18 ; Pins ; Virtual Pins ; Full Hierarchy Name                                                  ; Entity Name   ; Library Name ;
+--------------------------------------------+---------------------+---------------------------+-------------+--------------+---------+-----------+------+--------------+----------------------------------------------------------------------+---------------+--------------+
; |srg_32Bit_ALU                             ; 128 (0)             ; 0 (0)                     ; 0           ; 0            ; 0       ; 0         ; 100  ; 0            ; |srg_32Bit_ALU                                                       ; srg_32Bit_ALU ; work         ;
;    |srg_32Bit_CLA:Adder|                   ; 32 (3)              ; 0 (0)                     ; 0           ; 0            ; 0       ; 0         ; 0    ; 0            ; |srg_32Bit_ALU|srg_32Bit_CLA:Adder                                   ; srg_32Bit_CLA ; work         ;
;       |srg_8Bit_CLA:Block0|                ; 7 (7)               ; 0 (0)                     ; 0           ; 0            ; 0       ; 0         ; 0    ; 0            ; |srg_32Bit_ALU|srg_32Bit_CLA:Adder|srg_8Bit_CLA:Block0               ; srg_8Bit_CLA  ; work         ;
;       |srg_8Bit_CLA:Block1|                ; 7 (7)               ; 0 (0)                     ; 0           ; 0            ; 0       ; 0         ; 0    ; 0            ; |srg_32Bit_ALU|srg_32Bit_CLA:Adder|srg_8Bit_CLA:Block1               ; srg_8Bit_CLA  ; work         ;
;       |srg_8Bit_CLA:Block2|                ; 8 (8)               ; 0 (0)                     ; 0           ; 0            ; 0       ; 0         ; 0    ; 0            ; |srg_32Bit_ALU|srg_32Bit_CLA:Adder|srg_8Bit_CLA:Block2               ; srg_8Bit_CLA  ; work         ;
;       |srg_8Bit_CLA:Block3|                ; 7 (7)               ; 0 (0)                     ; 0           ; 0            ; 0       ; 0         ; 0    ; 0            ; |srg_32Bit_ALU|srg_32Bit_CLA:Adder|srg_8Bit_CLA:Block3               ; srg_8Bit_CLA  ; work         ;
;    |srg_32mux2to1:mux3|                    ; 96 (0)              ; 0 (0)                     ; 0           ; 0            ; 0       ; 0         ; 0    ; 0            ; |srg_32Bit_ALU|srg_32mux2to1:mux3                                    ; srg_32mux2to1 ; work         ;
;       |dxp_mux2to1_v:mux_Stage[0].stage0|  ; 2 (2)               ; 0 (0)                     ; 0           ; 0            ; 0       ; 0         ; 0    ; 0            ; |srg_32Bit_ALU|srg_32mux2to1:mux3|dxp_mux2to1_v:mux_Stage[0].stage0  ; dxp_mux2to1_v ; work         ;
;       |dxp_mux2to1_v:mux_Stage[10].stage0| ; 2 (2)               ; 0 (0)                     ; 0           ; 0            ; 0       ; 0         ; 0    ; 0            ; |srg_32Bit_ALU|srg_32mux2to1:mux3|dxp_mux2to1_v:mux_Stage[10].stage0 ; dxp_mux2to1_v ; work         ;
;       |dxp_mux2to1_v:mux_Stage[11].stage0| ; 4 (4)               ; 0 (0)                     ; 0           ; 0            ; 0       ; 0         ; 0    ; 0            ; |srg_32Bit_ALU|srg_32mux2to1:mux3|dxp_mux2to1_v:mux_Stage[11].stage0 ; dxp_mux2to1_v ; work         ;
;       |dxp_mux2to1_v:mux_Stage[12].stage0| ; 2 (2)               ; 0 (0)                     ; 0           ; 0            ; 0       ; 0         ; 0    ; 0            ; |srg_32Bit_ALU|srg_32mux2to1:mux3|dxp_mux2to1_v:mux_Stage[12].stage0 ; dxp_mux2to1_v ; work         ;
;       |dxp_mux2to1_v:mux_Stage[13].stage0| ; 4 (4)               ; 0 (0)                     ; 0           ; 0            ; 0       ; 0         ; 0    ; 0            ; |srg_32Bit_ALU|srg_32mux2to1:mux3|dxp_mux2to1_v:mux_Stage[13].stage0 ; dxp_mux2to1_v ; work         ;
;       |dxp_mux2to1_v:mux_Stage[14].stage0| ; 2 (2)               ; 0 (0)                     ; 0           ; 0            ; 0       ; 0         ; 0    ; 0            ; |srg_32Bit_ALU|srg_32mux2to1:mux3|dxp_mux2to1_v:mux_Stage[14].stage0 ; dxp_mux2to1_v ; work         ;
;       |dxp_mux2to1_v:mux_Stage[15].stage0| ; 4 (4)               ; 0 (0)                     ; 0           ; 0            ; 0       ; 0         ; 0    ; 0            ; |srg_32Bit_ALU|srg_32mux2to1:mux3|dxp_mux2to1_v:mux_Stage[15].stage0 ; dxp_mux2to1_v ; work         ;
;       |dxp_mux2to1_v:mux_Stage[16].stage0| ; 2 (2)               ; 0 (0)                     ; 0           ; 0            ; 0       ; 0         ; 0    ; 0            ; |srg_32Bit_ALU|srg_32mux2to1:mux3|dxp_mux2to1_v:mux_Stage[16].stage0 ; dxp_mux2to1_v ; work         ;
;       |dxp_mux2to1_v:mux_Stage[17].stage0| ; 4 (4)               ; 0 (0)                     ; 0           ; 0            ; 0       ; 0         ; 0    ; 0            ; |srg_32Bit_ALU|srg_32mux2to1:mux3|dxp_mux2to1_v:mux_Stage[17].stage0 ; dxp_mux2to1_v ; work         ;
;       |dxp_mux2to1_v:mux_Stage[18].stage0| ; 2 (2)               ; 0 (0)                     ; 0           ; 0            ; 0       ; 0         ; 0    ; 0            ; |srg_32Bit_ALU|srg_32mux2to1:mux3|dxp_mux2to1_v:mux_Stage[18].stage0 ; dxp_mux2to1_v ; work         ;
;       |dxp_mux2to1_v:mux_Stage[19].stage0| ; 4 (4)               ; 0 (0)                     ; 0           ; 0            ; 0       ; 0         ; 0    ; 0            ; |srg_32Bit_ALU|srg_32mux2to1:mux3|dxp_mux2to1_v:mux_Stage[19].stage0 ; dxp_mux2to1_v ; work         ;
;       |dxp_mux2to1_v:mux_Stage[1].stage0|  ; 4 (4)               ; 0 (0)                     ; 0           ; 0            ; 0       ; 0         ; 0    ; 0            ; |srg_32Bit_ALU|srg_32mux2to1:mux3|dxp_mux2to1_v:mux_Stage[1].stage0  ; dxp_mux2to1_v ; work         ;
;       |dxp_mux2to1_v:mux_Stage[20].stage0| ; 2 (2)               ; 0 (0)                     ; 0           ; 0            ; 0       ; 0         ; 0    ; 0            ; |srg_32Bit_ALU|srg_32mux2to1:mux3|dxp_mux2to1_v:mux_Stage[20].stage0 ; dxp_mux2to1_v ; work         ;
;       |dxp_mux2to1_v:mux_Stage[21].stage0| ; 4 (4)               ; 0 (0)                     ; 0           ; 0            ; 0       ; 0         ; 0    ; 0            ; |srg_32Bit_ALU|srg_32mux2to1:mux3|dxp_mux2to1_v:mux_Stage[21].stage0 ; dxp_mux2to1_v ; work         ;
;       |dxp_mux2to1_v:mux_Stage[22].stage0| ; 2 (2)               ; 0 (0)                     ; 0           ; 0            ; 0       ; 0         ; 0    ; 0            ; |srg_32Bit_ALU|srg_32mux2to1:mux3|dxp_mux2to1_v:mux_Stage[22].stage0 ; dxp_mux2to1_v ; work         ;
;       |dxp_mux2to1_v:mux_Stage[23].stage0| ; 4 (4)               ; 0 (0)                     ; 0           ; 0            ; 0       ; 0         ; 0    ; 0            ; |srg_32Bit_ALU|srg_32mux2to1:mux3|dxp_mux2to1_v:mux_Stage[23].stage0 ; dxp_mux2to1_v ; work         ;
;       |dxp_mux2to1_v:mux_Stage[24].stage0| ; 2 (2)               ; 0 (0)                     ; 0           ; 0            ; 0       ; 0         ; 0    ; 0            ; |srg_32Bit_ALU|srg_32mux2to1:mux3|dxp_mux2to1_v:mux_Stage[24].stage0 ; dxp_mux2to1_v ; work         ;
;       |dxp_mux2to1_v:mux_Stage[25].stage0| ; 4 (4)               ; 0 (0)                     ; 0           ; 0            ; 0       ; 0         ; 0    ; 0            ; |srg_32Bit_ALU|srg_32mux2to1:mux3|dxp_mux2to1_v:mux_Stage[25].stage0 ; dxp_mux2to1_v ; work         ;
;       |dxp_mux2to1_v:mux_Stage[26].stage0| ; 2 (2)               ; 0 (0)                     ; 0           ; 0            ; 0       ; 0         ; 0    ; 0            ; |srg_32Bit_ALU|srg_32mux2to1:mux3|dxp_mux2to1_v:mux_Stage[26].stage0 ; dxp_mux2to1_v ; work         ;
;       |dxp_mux2to1_v:mux_Stage[27].stage0| ; 4 (4)               ; 0 (0)                     ; 0           ; 0            ; 0       ; 0         ; 0    ; 0            ; |srg_32Bit_ALU|srg_32mux2to1:mux3|dxp_mux2to1_v:mux_Stage[27].stage0 ; dxp_mux2to1_v ; work         ;
;       |dxp_mux2to1_v:mux_Stage[28].stage0| ; 2 (2)               ; 0 (0)                     ; 0           ; 0            ; 0       ; 0         ; 0    ; 0            ; |srg_32Bit_ALU|srg_32mux2to1:mux3|dxp_mux2to1_v:mux_Stage[28].stage0 ; dxp_mux2to1_v ; work         ;
;       |dxp_mux2to1_v:mux_Stage[29].stage0| ; 4 (4)               ; 0 (0)                     ; 0           ; 0            ; 0       ; 0         ; 0    ; 0            ; |srg_32Bit_ALU|srg_32mux2to1:mux3|dxp_mux2to1_v:mux_Stage[29].stage0 ; dxp_mux2to1_v ; work         ;
;       |dxp_mux2to1_v:mux_Stage[2].stage0|  ; 2 (2)               ; 0 (0)                     ; 0           ; 0            ; 0       ; 0         ; 0    ; 0            ; |srg_32Bit_ALU|srg_32mux2to1:mux3|dxp_mux2to1_v:mux_Stage[2].stage0  ; dxp_mux2to1_v ; work         ;
;       |dxp_mux2to1_v:mux_Stage[30].stage0| ; 2 (2)               ; 0 (0)                     ; 0           ; 0            ; 0       ; 0         ; 0    ; 0            ; |srg_32Bit_ALU|srg_32mux2to1:mux3|dxp_mux2to1_v:mux_Stage[30].stage0 ; dxp_mux2to1_v ; work         ;
;       |dxp_mux2to1_v:mux_Stage[31].stage0| ; 4 (4)               ; 0 (0)                     ; 0           ; 0            ; 0       ; 0         ; 0    ; 0            ; |srg_32Bit_ALU|srg_32mux2to1:mux3|dxp_mux2to1_v:mux_Stage[31].stage0 ; dxp_mux2to1_v ; work         ;
;       |dxp_mux2to1_v:mux_Stage[3].stage0|  ; 4 (4)               ; 0 (0)                     ; 0           ; 0            ; 0       ; 0         ; 0    ; 0            ; |srg_32Bit_ALU|srg_32mux2to1:mux3|dxp_mux2to1_v:mux_Stage[3].stage0  ; dxp_mux2to1_v ; work         ;
;       |dxp_mux2to1_v:mux_Stage[4].stage0|  ; 2 (2)               ; 0 (0)                     ; 0           ; 0            ; 0       ; 0         ; 0    ; 0            ; |srg_32Bit_ALU|srg_32mux2to1:mux3|dxp_mux2to1_v:mux_Stage[4].stage0  ; dxp_mux2to1_v ; work         ;
;       |dxp_mux2to1_v:mux_Stage[5].stage0|  ; 4 (4)               ; 0 (0)                     ; 0           ; 0            ; 0       ; 0         ; 0    ; 0            ; |srg_32Bit_ALU|srg_32mux2to1:mux3|dxp_mux2to1_v:mux_Stage[5].stage0  ; dxp_mux2to1_v ; work         ;
;       |dxp_mux2to1_v:mux_Stage[6].stage0|  ; 2 (2)               ; 0 (0)                     ; 0           ; 0            ; 0       ; 0         ; 0    ; 0            ; |srg_32Bit_ALU|srg_32mux2to1:mux3|dxp_mux2to1_v:mux_Stage[6].stage0  ; dxp_mux2to1_v ; work         ;
;       |dxp_mux2to1_v:mux_Stage[7].stage0|  ; 4 (4)               ; 0 (0)                     ; 0           ; 0            ; 0       ; 0         ; 0    ; 0            ; |srg_32Bit_ALU|srg_32mux2to1:mux3|dxp_mux2to1_v:mux_Stage[7].stage0  ; dxp_mux2to1_v ; work         ;
;       |dxp_mux2to1_v:mux_Stage[8].stage0|  ; 2 (2)               ; 0 (0)                     ; 0           ; 0            ; 0       ; 0         ; 0    ; 0            ; |srg_32Bit_ALU|srg_32mux2to1:mux3|dxp_mux2to1_v:mux_Stage[8].stage0  ; dxp_mux2to1_v ; work         ;
;       |dxp_mux2to1_v:mux_Stage[9].stage0|  ; 4 (4)               ; 0 (0)                     ; 0           ; 0            ; 0       ; 0         ; 0    ; 0            ; |srg_32Bit_ALU|srg_32mux2to1:mux3|dxp_mux2to1_v:mux_Stage[9].stage0  ; dxp_mux2to1_v ; work         ;
+--------------------------------------------+---------------------+---------------------------+-------------+--------------+---------+-----------+------+--------------+----------------------------------------------------------------------+---------------+--------------+
Note: For table entries with two numbers listed, the numbers in parentheses indicate the number of resources of the given type used by the specific entity alone. The numbers listed outside of parentheses indicate the total resources of the given type used by the specific entity and all of its sub-entities in the hierarchy.


+------------------------------------------------------+
; General Register Statistics                          ;
+----------------------------------------------+-------+
; Statistic                                    ; Value ;
+----------------------------------------------+-------+
; Total registers                              ; 0     ;
; Number of registers using Synchronous Clear  ; 0     ;
; Number of registers using Synchronous Load   ; 0     ;
; Number of registers using Asynchronous Clear ; 0     ;
; Number of registers using Asynchronous Load  ; 0     ;
; Number of registers using Clock Enable       ; 0     ;
; Number of registers using Preset             ; 0     ;
+----------------------------------------------+-------+


+-------------------------------------------------------------------------------------------------------------------------------------------------------------------------------------+
; Multiplexer Restructuring Statistics (Restructuring Performed)                                                                                                                      ;
+--------------------+-----------+---------------+----------------------+------------------------+------------+-----------------------------------------------------------------------+
; Multiplexer Inputs ; Bus Width ; Baseline Area ; Area if Restructured ; Saving if Restructured ; Registered ; Example Multiplexer Output                                            ;
+--------------------+-----------+---------------+----------------------+------------------------+------------+-----------------------------------------------------------------------+
; 4:1                ; 32 bits   ; 64 LEs        ; 64 LEs               ; 0 LEs                  ; No         ; |srg_32Bit_ALU|srg_32mux2to1:mux3|dxp_mux2to1_v:mux_Stage[0].stage0|f ;
+--------------------+-----------+---------------+----------------------+------------------------+------------+-----------------------------------------------------------------------+


+-----------------------------------------------------------------+
; Parameter Settings for User Entity Instance: srg_32mux2to1:mux0 ;
+----------------+-------+----------------------------------------+
; Parameter Name ; Value ; Type                                   ;
+----------------+-------+----------------------------------------+
; numBits        ; 32    ; Signed Integer                         ;
+----------------+-------+----------------------------------------+
Note: In order to hide this table in the UI and the text report file, please set the "Show Parameter Settings in Synthesis Report" option in "Analysis and Synthesis Settings -> More Settings" to "Off".


+-----------------------------------------------------------------+
; Parameter Settings for User Entity Instance: srg_32mux2to1:mux1 ;
+----------------+-------+----------------------------------------+
; Parameter Name ; Value ; Type                                   ;
+----------------+-------+----------------------------------------+
; numBits        ; 32    ; Signed Integer                         ;
+----------------+-------+----------------------------------------+
Note: In order to hide this table in the UI and the text report file, please set the "Show Parameter Settings in Synthesis Report" option in "Analysis and Synthesis Settings -> More Settings" to "Off".


+-----------------------------------------------------------------+
; Parameter Settings for User Entity Instance: srg_32mux2to1:mux2 ;
+----------------+-------+----------------------------------------+
; Parameter Name ; Value ; Type                                   ;
+----------------+-------+----------------------------------------+
; numBits        ; 32    ; Signed Integer                         ;
+----------------+-------+----------------------------------------+
Note: In order to hide this table in the UI and the text report file, please set the "Show Parameter Settings in Synthesis Report" option in "Analysis and Synthesis Settings -> More Settings" to "Off".


+-----------------------------------------------------------------+
; Parameter Settings for User Entity Instance: srg_32mux2to1:mux3 ;
+----------------+-------+----------------------------------------+
; Parameter Name ; Value ; Type                                   ;
+----------------+-------+----------------------------------------+
; numBits        ; 32    ; Signed Integer                         ;
+----------------+-------+----------------------------------------+
Note: In order to hide this table in the UI and the text report file, please set the "Show Parameter Settings in Synthesis Report" option in "Analysis and Synthesis Settings -> More Settings" to "Off".


+-----------------------------------------------------+
; Post-Synthesis Netlist Statistics for Top Partition ;
+-----------------------+-----------------------------+
; Type                  ; Count                       ;
+-----------------------+-----------------------------+
; boundary_port         ; 100                         ;
; cycloneiii_lcell_comb ; 129                         ;
;     normal            ; 129                         ;
;         0 data inputs ; 1                           ;
;         3 data inputs ; 49                          ;
;         4 data inputs ; 79                          ;
;                       ;                             ;
; Max LUT depth         ; 4.00                        ;
; Average LUT depth     ; 3.36                        ;
+-----------------------+-----------------------------+


+-------------------------------+
; Elapsed Time Per Partition    ;
+----------------+--------------+
; Partition Name ; Elapsed Time ;
+----------------+--------------+
; Top            ; 00:00:01     ;
+----------------+--------------+


+-------------------------------+
; Analysis & Synthesis Messages ;
+-------------------------------+
Info: *******************************************************************
Info: Running Quartus Prime Analysis & Synthesis
    Info: Version 17.1.0 Build 590 10/25/2017 SJ Lite Edition
    Info: Processing started: Mon May 27 19:09:13 2019
Info: Command: quartus_map --read_settings_files=on --write_settings_files=off 32Bit_MIPS -c 32Bit_MIPS
Warning (18236): Number of processors has not been specified which may cause overloading on shared machines.  Set the global assignment NUM_PARALLEL_PROCESSORS in your QSF to an appropriate value for best performance.
Info (20030): Parallel compilation is enabled and will use 2 of the 2 processors detected
Info (12021): Found 1 design units, including 1 entities, in source file dxp_mux2to1_v.v
    Info (12023): Found entity 1: dxp_mux2to1_v File: C:/Users/srgoo/Desktop/PersonalProjects/32_Bit_MIPS/32Bit_MIPS/dxp_mux2to1_v.v Line: 1
Info (12021): Found 1 design units, including 1 entities, in source file dxp_lu_v.v
    Info (12023): Found entity 1: dxp_lu_v File: C:/Users/srgoo/Desktop/PersonalProjects/32_Bit_MIPS/32Bit_MIPS/dxp_lu_v.v Line: 1
Info (12021): Found 1 design units, including 1 entities, in source file dxp_blogic_v.v
    Info (12023): Found entity 1: dxp_Blogic_v File: C:/Users/srgoo/Desktop/PersonalProjects/32_Bit_MIPS/32Bit_MIPS/dxp_Blogic_v.v Line: 1
Info (12021): Found 1 design units, including 1 entities, in source file dxp_au_v.v
    Info (12023): Found entity 1: dxp_au_v File: C:/Users/srgoo/Desktop/PersonalProjects/32_Bit_MIPS/32Bit_MIPS/dxp_au_v.v Line: 1
Info (12021): Found 1 design units, including 1 entities, in source file dxp_alu_v.v
    Info (12023): Found entity 1: dxp_alu_v File: C:/Users/srgoo/Desktop/PersonalProjects/32_Bit_MIPS/32Bit_MIPS/dxp_alu_v.v Line: 1
Info (12021): Found 1 design units, including 1 entities, in source file dxp_4mux2to1_v.v
    Info (12023): Found entity 1: dxp_4mux2to1_v File: C:/Users/srgoo/Desktop/PersonalProjects/32_Bit_MIPS/32Bit_MIPS/dxp_4mux2to1_v.v Line: 1
Info (12021): Found 2 design units, including 2 entities, in source file dxp_4bitadder_v.v
    Info (12023): Found entity 1: dxp_4bitadder File: C:/Users/srgoo/Desktop/PersonalProjects/32_Bit_MIPS/32Bit_MIPS/dxp_4bitadder_v.v Line: 1
    Info (12023): Found entity 2: fulladd File: C:/Users/srgoo/Desktop/PersonalProjects/32_Bit_MIPS/32Bit_MIPS/dxp_4bitadder_v.v Line: 15
Info (12021): Found 1 design units, including 1 entities, in source file srg_32bit_mips.v
    Info (12023): Found entity 1: srg_32Bit_MIPS File: C:/Users/srgoo/Desktop/PersonalProjects/32_Bit_MIPS/32Bit_MIPS/srg_32Bit_MIPS.v Line: 1
Info (12021): Found 2 design units, including 2 entities, in source file srg_32bit_cla.v
    Info (12023): Found entity 1: srg_32Bit_CLA File: C:/Users/srgoo/Desktop/PersonalProjects/32_Bit_MIPS/32Bit_MIPS/srg_32Bit_CLA.v Line: 1
    Info (12023): Found entity 2: srg_8Bit_CLA File: C:/Users/srgoo/Desktop/PersonalProjects/32_Bit_MIPS/32Bit_MIPS/srg_32Bit_CLA.v Line: 28
Info (12021): Found 1 design units, including 1 entities, in source file srg_32mux2to1.v
    Info (12023): Found entity 1: srg_32mux2to1 File: C:/Users/srgoo/Desktop/PersonalProjects/32_Bit_MIPS/32Bit_MIPS/srg_32mux2to1.v Line: 1
Info (12021): Found 1 design units, including 1 entities, in source file srg_32bit_alu.v
    Info (12023): Found entity 1: srg_32Bit_ALU File: C:/Users/srgoo/Desktop/PersonalProjects/32_Bit_MIPS/32Bit_MIPS/srg_32Bit_ALU.v Line: 1
Info (12127): Elaborating entity "srg_32Bit_ALU" for the top level hierarchy
Warning (10034): Output port "Overflow" at srg_32Bit_ALU.v(5) has no driver File: C:/Users/srgoo/Desktop/PersonalProjects/32_Bit_MIPS/32Bit_MIPS/srg_32Bit_ALU.v Line: 5
Info (12128): Elaborating entity "srg_32Bit_CLA" for hierarchy "srg_32Bit_CLA:Adder" File: C:/Users/srgoo/Desktop/PersonalProjects/32_Bit_MIPS/32Bit_MIPS/srg_32Bit_ALU.v Line: 10
Info (12128): Elaborating entity "srg_8Bit_CLA" for hierarchy "srg_32Bit_CLA:Adder|srg_8Bit_CLA:Block0" File: C:/Users/srgoo/Desktop/PersonalProjects/32_Bit_MIPS/32Bit_MIPS/srg_32Bit_CLA.v Line: 13
Info (12128): Elaborating entity "srg_32mux2to1" for hierarchy "srg_32mux2to1:mux0" File: C:/Users/srgoo/Desktop/PersonalProjects/32_Bit_MIPS/32Bit_MIPS/srg_32Bit_ALU.v Line: 11
Info (12128): Elaborating entity "dxp_mux2to1_v" for hierarchy "srg_32mux2to1:mux0|dxp_mux2to1_v:mux_Stage[0].stage0" File: C:/Users/srgoo/Desktop/PersonalProjects/32_Bit_MIPS/32Bit_MIPS/srg_32mux2to1.v Line: 11
Warning (13024): Output pins are stuck at VCC or GND
    Warning (13410): Pin "Overflow" is stuck at GND File: C:/Users/srgoo/Desktop/PersonalProjects/32_Bit_MIPS/32Bit_MIPS/srg_32Bit_ALU.v Line: 5
Info (286030): Timing-Driven Synthesis is running
Info (16010): Generating hard_block partition "hard_block:auto_generated_inst"
    Info (16011): Adding 0 node(s), including 0 DDIO, 0 PLL, 0 transceiver and 0 LCELL
Info (21057): Implemented 228 device resources after synthesis - the final resource count might be different
    Info (21058): Implemented 67 input pins
    Info (21059): Implemented 33 output pins
    Info (21061): Implemented 128 logic cells
Info: Quartus Prime Analysis & Synthesis was successful. 0 errors, 4 warnings
    Info: Peak virtual memory: 4758 megabytes
    Info: Processing ended: Mon May 27 19:09:30 2019
    Info: Elapsed time: 00:00:17
    Info: Total CPU time (on all processors): 00:00:36


